This file contains any messages produced by compilers while
running configure, to aid debugging if configure makes a mistake.

It was created by tesseract configure 3.05.00, which was
generated by GNU Autoconf 2.69.  Invocation command line was

  $ ./configure --disable-dependency-tracking --prefix=/usr/local/Cellar/tesseract/3.05.00 --enable-opencl

## --------- ##
## Platform. ##
## --------- ##

hostname = Bryces-HD-1-TB.local
uname -m = x86_64
uname -r = 15.6.0
uname -s = Darwin
uname -v = Darwin Kernel Version 15.6.0: Mon Jan  9 23:07:29 PST 2017; root:xnu-3248.60.11.2.1~1/RELEASE_X86_64

/usr/bin/uname -p = i386
/bin/uname -X     = unknown

/bin/arch              = unknown
/usr/bin/arch -k       = unknown
/usr/convex/getsysinfo = unknown
/usr/bin/hostinfo      = Mach kernel version:
	 Darwin Kernel Version 15.6.0: Mon Jan  9 23:07:29 PST 2017; root:xnu-3248.60.11.2.1~1/RELEASE_X86_64
Kernel configured for up to 2 processors.
2 processors are physically available.
2 processors are logically available.
Processor type: i486 (Intel 80486)
Processors active: 0 1
Primary memory available: 4.00 gigabytes
Default processor set: 267 tasks, 963 threads, 2 processors
Load average: 2.02, Mach factor: 0.41
/bin/machine           = unknown
/usr/bin/oslevel       = unknown
/bin/universe          = unknown

PATH: /usr/local/Homebrew/Library/Homebrew/shims/super
PATH: /usr/local/opt/autoconf/bin
PATH: /usr/local/opt/automake/bin
PATH: /usr/local/opt/libtool/bin
PATH: /usr/local/opt/pkg-config/bin
PATH: /usr/local/opt/libpng/bin
PATH: /usr/local/opt/jpeg/bin
PATH: /usr/local/opt/xz/bin
PATH: /usr/local/opt/libtiff/bin
PATH: /usr/local/opt/giflib/bin
PATH: /usr/local/opt/little-cms2/bin
PATH: /usr/local/opt/openjpeg/bin
PATH: /usr/local/opt/webp/bin
PATH: /usr/local/opt/leptonica/bin
PATH: /usr/local/opt/icu4c/bin
PATH: /usr/local/opt/gettext/bin
PATH: /usr/local/opt/pcre/bin
PATH: /usr/local/opt/glib/bin
PATH: /usr/local/opt/freetype/bin
PATH: /usr/local/opt/fontconfig/bin
PATH: /usr/local/opt/cairo/bin
PATH: /usr/local/opt/sqlite/bin
PATH: /usr/local/opt/gdbm/bin
PATH: /usr/local/opt/openssl/bin
PATH: /usr/local/opt/tcl-tk/bin
PATH: /usr/local/opt/python/bin
PATH: /usr/local/opt/gobject-introspection/bin
PATH: /usr/local/opt/graphite2/bin
PATH: /usr/local/opt/harfbuzz/bin
PATH: /usr/local/opt/pango/bin
PATH: /opt/X11/bin
PATH: /usr/bin
PATH: /bin
PATH: /usr/sbin
PATH: /sbin


## ----------- ##
## Core tests. ##
## ----------- ##

configure:2675: checking for C++ compiler version
configure:2684: clang++ --version >&5
Apple LLVM version 8.0.0 (clang-800.0.42.1)
Target: x86_64-apple-darwin15.6.0
Thread model: posix
InstalledDir: /Applications/Xcode.app/Contents/Developer/Toolchains/XcodeDefault.xctoolchain/usr/bin
configure:2695: $? = 0
configure:2684: clang++ -v >&5
Apple LLVM version 8.0.0 (clang-800.0.42.1)
Target: x86_64-apple-darwin15.6.0
Thread model: posix
InstalledDir: /Applications/Xcode.app/Contents/Developer/Toolchains/XcodeDefault.xctoolchain/usr/bin
configure:2695: $? = 0
configure:2684: clang++ -V >&5
clang: error: unsupported option '-V -isystem/usr/local/include'
configure:2695: $? = 1
configure:2684: clang++ -qversion >&5
clang: error: unknown argument: '-qversion'
configure:2695: $? = 1
configure:2715: checking whether the C++ compiler works
configure:2737: clang++   -L/usr/local/opt/icu4c/lib conftest.cpp  >&5
configure:2741: $? = 0
configure:2789: result: yes
configure:2792: checking for C++ compiler default output file name
configure:2794: result: a.out
configure:2800: checking for suffix of executables
configure:2807: clang++ -o conftest   -L/usr/local/opt/icu4c/lib conftest.cpp  >&5
configure:2811: $? = 0
configure:2833: result: 
configure:2855: checking whether we are cross compiling
configure:2863: clang++ -o conftest   -L/usr/local/opt/icu4c/lib conftest.cpp  >&5
configure:2867: $? = 0
configure:2874: ./conftest
configure:2878: $? = 0
configure:2893: result: no
configure:2898: checking for suffix of object files
configure:2920: clang++ -c   conftest.cpp >&5
configure:2924: $? = 0
configure:2945: result: o
configure:2949: checking whether we are using the GNU C++ compiler
configure:2968: clang++ -c   conftest.cpp >&5
configure:2968: $? = 0
configure:2977: result: yes
configure:2986: checking whether clang++ accepts -g
configure:3006: clang++ -c -g  conftest.cpp >&5
configure:3006: $? = 0
configure:3047: result: yes
configure:3220: checking for a BSD-compatible install
configure:3288: result: /usr/bin/install -c
configure:3299: checking whether build environment is sane
configure:3354: result: yes
configure:3505: checking for a thread-safe mkdir -p
configure:3544: result: config/install-sh -c -d
configure:3551: checking for gawk
configure:3581: result: no
configure:3551: checking for mawk
configure:3581: result: no
configure:3551: checking for nawk
configure:3581: result: no
configure:3551: checking for awk
configure:3567: found /usr/bin/awk
configure:3578: result: awk
configure:3589: checking whether make sets $(MAKE)
configure:3611: result: yes
configure:3641: checking for style of include used by make
configure:3669: result: GNU
configure:3703: checking whether make supports nested variables
configure:3720: result: yes
configure:3805: checking dependency style of clang++
configure:3916: result: none
configure:3977: checking whether to enable maintainer-specific portions of Makefiles
configure:3986: result: no
configure:4046: checking build system type
configure:4060: result: x86_64-apple-darwin15.6.0
configure:4080: checking host system type
configure:4093: result: x86_64-apple-darwin15.6.0
configure:4222: checking --enable-graphics argument
configure:4231: result: yes
configure:4248: checking whether to disable cube
configure:4257: result: no
configure:4272: checking --enable-embedded argument
configure:4281: result: no
configure:4296: checking --enable-opencl argument
configure:4305: result: yes
configure:4314: checking how to run the C++ preprocessor
configure:4341: clang++ -E  conftest.cpp
configure:4341: $? = 0
configure:4355: clang++ -E  conftest.cpp
conftest.cpp:15:10: fatal error: 'ac_nonexistent.h' file not found
#include <ac_nonexistent.h>
         ^
1 error generated.
configure:4355: $? = 1
configure: failed program was:
| /* confdefs.h */
| #define PACKAGE_NAME "tesseract"
| #define PACKAGE_TARNAME "tesseract"
| #define PACKAGE_VERSION "3.05.00"
| #define PACKAGE_STRING "tesseract 3.05.00"
| #define PACKAGE_BUGREPORT "https://github.com/tesseract-ocr/tesseract/issues"
| #define PACKAGE_URL ""
| #define PACKAGE_NAME "tesseract"
| #define PACKAGE_VERSION "3.05.00"
| #define PACKAGE_YEAR "2017"
| #define PACKAGE_DATE "02/16"
| #define PACKAGE "tesseract"
| #define VERSION "3.05.00"
| /* end confdefs.h.  */
| #include <ac_nonexistent.h>
configure:4380: result: clang++ -E
configure:4400: clang++ -E  conftest.cpp
configure:4400: $? = 0
configure:4414: clang++ -E  conftest.cpp
conftest.cpp:15:10: fatal error: 'ac_nonexistent.h' file not found
#include <ac_nonexistent.h>
         ^
1 error generated.
configure:4414: $? = 1
configure: failed program was:
| /* confdefs.h */
| #define PACKAGE_NAME "tesseract"
| #define PACKAGE_TARNAME "tesseract"
| #define PACKAGE_VERSION "3.05.00"
| #define PACKAGE_STRING "tesseract 3.05.00"
| #define PACKAGE_BUGREPORT "https://github.com/tesseract-ocr/tesseract/issues"
| #define PACKAGE_URL ""
| #define PACKAGE_NAME "tesseract"
| #define PACKAGE_VERSION "3.05.00"
| #define PACKAGE_YEAR "2017"
| #define PACKAGE_DATE "02/16"
| #define PACKAGE "tesseract"
| #define VERSION "3.05.00"
| /* end confdefs.h.  */
| #include <ac_nonexistent.h>
configure:4443: checking for grep that handles long lines and -e
configure:4501: result: /usr/bin/grep
configure:4506: checking for egrep
configure:4568: result: /usr/bin/grep -E
configure:4573: checking for ANSI C header files
configure:4593: clang++ -c -g -O2  conftest.cpp >&5
configure:4593: $? = 0
configure:4666: clang++ -o conftest -g -O2  -L/usr/local/opt/icu4c/lib conftest.cpp  >&5
configure:4666: $? = 0
configure:4666: ./conftest
configure:4666: $? = 0
configure:4677: result: yes
configure:4690: checking for sys/types.h
configure:4690: clang++ -c -g -O2  conftest.cpp >&5
configure:4690: $? = 0
configure:4690: result: yes
configure:4690: checking for sys/stat.h
configure:4690: clang++ -c -g -O2  conftest.cpp >&5
configure:4690: $? = 0
configure:4690: result: yes
configure:4690: checking for stdlib.h
configure:4690: clang++ -c -g -O2  conftest.cpp >&5
configure:4690: $? = 0
configure:4690: result: yes
configure:4690: checking for string.h
configure:4690: clang++ -c -g -O2  conftest.cpp >&5
configure:4690: $? = 0
configure:4690: result: yes
configure:4690: checking for memory.h
configure:4690: clang++ -c -g -O2  conftest.cpp >&5
configure:4690: $? = 0
configure:4690: result: yes
configure:4690: checking for strings.h
configure:4690: clang++ -c -g -O2  conftest.cpp >&5
configure:4690: $? = 0
configure:4690: result: yes
configure:4690: checking for inttypes.h
configure:4690: clang++ -c -g -O2  conftest.cpp >&5
configure:4690: $? = 0
configure:4690: result: yes
configure:4690: checking for stdint.h
configure:4690: clang++ -c -g -O2  conftest.cpp >&5
configure:4690: $? = 0
configure:4690: result: yes
configure:4690: checking for unistd.h
configure:4690: clang++ -c -g -O2  conftest.cpp >&5
configure:4690: $? = 0
configure:4690: result: yes
configure:4704: checking CL/cl.h usability
configure:4704: clang++ -c -g -O2  conftest.cpp >&5
conftest.cpp:58:10: fatal error: 'CL/cl.h' file not found
#include <CL/cl.h>
         ^
1 error generated.
configure:4704: $? = 1
configure: failed program was:
| /* confdefs.h */
| #define PACKAGE_NAME "tesseract"
| #define PACKAGE_TARNAME "tesseract"
| #define PACKAGE_VERSION "3.05.00"
| #define PACKAGE_STRING "tesseract 3.05.00"
| #define PACKAGE_BUGREPORT "https://github.com/tesseract-ocr/tesseract/issues"
| #define PACKAGE_URL ""
| #define PACKAGE_NAME "tesseract"
| #define PACKAGE_VERSION "3.05.00"
| #define PACKAGE_YEAR "2017"
| #define PACKAGE_DATE "02/16"
| #define PACKAGE "tesseract"
| #define VERSION "3.05.00"
| #define STDC_HEADERS 1
| #define HAVE_SYS_TYPES_H 1
| #define HAVE_SYS_STAT_H 1
| #define HAVE_STDLIB_H 1
| #define HAVE_STRING_H 1
| #define HAVE_MEMORY_H 1
| #define HAVE_STRINGS_H 1
| #define HAVE_INTTYPES_H 1
| #define HAVE_STDINT_H 1
| #define HAVE_UNISTD_H 1
| /* end confdefs.h.  */
| #include <stdio.h>
| #ifdef HAVE_SYS_TYPES_H
| # include <sys/types.h>
| #endif
| #ifdef HAVE_SYS_STAT_H
| # include <sys/stat.h>
| #endif
| #ifdef STDC_HEADERS
| # include <stdlib.h>
| # include <stddef.h>
| #else
| # ifdef HAVE_STDLIB_H
| #  include <stdlib.h>
| # endif
| #endif
| #ifdef HAVE_STRING_H
| # if !defined STDC_HEADERS && defined HAVE_MEMORY_H
| #  include <memory.h>
| # endif
| # include <string.h>
| #endif
| #ifdef HAVE_STRINGS_H
| # include <strings.h>
| #endif
| #ifdef HAVE_INTTYPES_H
| # include <inttypes.h>
| #endif
| #ifdef HAVE_STDINT_H
| # include <stdint.h>
| #endif
| #ifdef HAVE_UNISTD_H
| # include <unistd.h>
| #endif
| #include <CL/cl.h>
configure:4704: result: no
configure:4704: checking CL/cl.h presence
configure:4704: clang++ -E  conftest.cpp
conftest.cpp:25:10: fatal error: 'CL/cl.h' file not found
#include <CL/cl.h>
         ^
1 error generated.
configure:4704: $? = 1
configure: failed program was:
| /* confdefs.h */
| #define PACKAGE_NAME "tesseract"
| #define PACKAGE_TARNAME "tesseract"
| #define PACKAGE_VERSION "3.05.00"
| #define PACKAGE_STRING "tesseract 3.05.00"
| #define PACKAGE_BUGREPORT "https://github.com/tesseract-ocr/tesseract/issues"
| #define PACKAGE_URL ""
| #define PACKAGE_NAME "tesseract"
| #define PACKAGE_VERSION "3.05.00"
| #define PACKAGE_YEAR "2017"
| #define PACKAGE_DATE "02/16"
| #define PACKAGE "tesseract"
| #define VERSION "3.05.00"
| #define STDC_HEADERS 1
| #define HAVE_SYS_TYPES_H 1
| #define HAVE_SYS_STAT_H 1
| #define HAVE_STDLIB_H 1
| #define HAVE_STRING_H 1
| #define HAVE_MEMORY_H 1
| #define HAVE_STRINGS_H 1
| #define HAVE_INTTYPES_H 1
| #define HAVE_STDINT_H 1
| #define HAVE_UNISTD_H 1
| /* end confdefs.h.  */
| #include <CL/cl.h>
configure:4704: result: no
configure:4704: checking for CL/cl.h
configure:4704: result: no
configure:4714: checking OpenCL/cl.h usability
configure:4714: clang++ -c -g -O2  conftest.cpp >&5
configure:4714: $? = 0
configure:4714: result: yes
configure:4714: checking OpenCL/cl.h presence
configure:4714: clang++ -E  conftest.cpp
configure:4714: $? = 0
configure:4714: result: yes
configure:4714: checking for OpenCL/cl.h
configure:4714: result: yes
configure:4735: checking tiffio.h usability
configure:4735: clang++ -c -g -O2  conftest.cpp >&5
configure:4735: $? = 0
configure:4735: result: yes
configure:4735: checking tiffio.h presence
configure:4735: clang++ -E  conftest.cpp
configure:4735: $? = 0
configure:4735: result: yes
configure:4735: checking for tiffio.h
configure:4735: result: yes
configure:4757: checking if -framework OpenCL works
configure:4775: clang++ -o conftest -g -O2  -L/usr/local/opt/icu4c/lib conftest.cpp  -framework OpenCL >&5
configure:4775: $? = 0
configure:4785: result: yes
configure:4881: checking --enable-visibility argument
configure:4890: result: no
configure:4902: checking --enable-multiple-libraries argument
configure:4911: result: no
configure:4923: checking whether to use tessdata-prefix
configure:4932: result: yes
configure:4944: checking whether to enable debugging
configure:4953: result: no
configure:5026: checking how to print strings
configure:5053: result: printf
configure:5122: checking for gcc
configure:5149: result: clang
configure:5378: checking for C compiler version
configure:5387: clang --version >&5
Apple LLVM version 8.0.0 (clang-800.0.42.1)
Target: x86_64-apple-darwin15.6.0
Thread model: posix
InstalledDir: /Applications/Xcode.app/Contents/Developer/Toolchains/XcodeDefault.xctoolchain/usr/bin
configure:5398: $? = 0
configure:5387: clang -v >&5
Apple LLVM version 8.0.0 (clang-800.0.42.1)
Target: x86_64-apple-darwin15.6.0
Thread model: posix
InstalledDir: /Applications/Xcode.app/Contents/Developer/Toolchains/XcodeDefault.xctoolchain/usr/bin
configure:5398: $? = 0
configure:5387: clang -V >&5
clang: error: unsupported option '-V -isystem/usr/local/include'
configure:5398: $? = 1
configure:5387: clang -qversion >&5
clang: error: unknown argument: '-qversion'
configure:5398: $? = 1
configure:5402: checking whether we are using the GNU C compiler
configure:5421: clang -c -I/usr/local/opt/icu4c/include  conftest.c >&5
configure:5421: $? = 0
configure:5430: result: yes
configure:5439: checking whether clang accepts -g
configure:5459: clang -c -g  conftest.c >&5
configure:5459: $? = 0
configure:5500: result: yes
configure:5517: checking for clang option to accept ISO C89
configure:5580: clang  -c -I/usr/local/opt/icu4c/include  conftest.c >&5
configure:5580: $? = 0
configure:5593: result: none needed
configure:5618: checking whether clang understands -c and -o together
configure:5640: clang -c conftest.c -o conftest2.o
configure:5643: $? = 0
configure:5640: clang -c conftest.c -o conftest2.o
configure:5643: $? = 0
configure:5655: result: yes
configure:5674: checking dependency style of clang
configure:5785: result: none
configure:5800: checking for a sed that does not truncate output
configure:5864: result: /usr/local/Homebrew/Library/Homebrew/shims/super/sed
configure:5882: checking for fgrep
configure:5944: result: /usr/bin/grep -F
configure:5979: checking for ld used by clang
configure:6046: result: /Applications/Xcode.app/Contents/Developer/Toolchains/XcodeDefault.xctoolchain/usr/bin/ld
configure:6053: checking if the linker (/Applications/Xcode.app/Contents/Developer/Toolchains/XcodeDefault.xctoolchain/usr/bin/ld) is GNU ld
configure:6068: result: no
configure:6080: checking for BSD- or MS-compatible name lister (nm)
configure:6134: result: /usr/bin/nm -B
configure:6264: checking the name lister (/usr/bin/nm -B) interface
configure:6271: clang++ -c -g -O2  conftest.cpp >&5
configure:6274: /usr/bin/nm -B "conftest.o"
configure:6277: output
0000000000000214 S _some_variable
configure:6284: result: BSD nm
configure:6287: checking whether ln -s works
configure:6291: result: yes
configure:6299: checking the maximum length of command line arguments
configure:6430: result: 196608
configure:6478: checking how to convert x86_64-apple-darwin15.6.0 file names to x86_64-apple-darwin15.6.0 format
configure:6518: result: func_convert_file_noop
configure:6525: checking how to convert x86_64-apple-darwin15.6.0 file names to toolchain format
configure:6545: result: func_convert_file_noop
configure:6552: checking for /Applications/Xcode.app/Contents/Developer/Toolchains/XcodeDefault.xctoolchain/usr/bin/ld option to reload object files
configure:6559: result: -r
configure:6633: checking for objdump
configure:6663: result: no
configure:6692: checking how to recognize dependent libraries
configure:6892: result: pass_all
configure:6977: checking for dlltool
configure:7007: result: no
configure:7037: checking how to associate runtime and link libraries
configure:7064: result: printf %s\n
configure:7124: checking for ar
configure:7140: found /usr/bin/ar
configure:7151: result: ar
configure:7188: checking for archiver @FILE support
configure:7205: clang++ -c -g -O2  conftest.cpp >&5
configure:7205: $? = 0
configure:7208: ar cru libconftest.a @conftest.lst >&5
ar: @conftest.lst: No such file or directory
configure:7211: $? = 1
configure:7231: result: no
configure:7289: checking for strip
configure:7305: found /usr/bin/strip
configure:7316: result: strip
configure:7388: checking for ranlib
configure:7404: found /usr/bin/ranlib
configure:7415: result: ranlib
configure:7517: checking command to parse /usr/bin/nm -B output from clang object
configure:7670: clang++ -c -g -O2  conftest.cpp >&5
configure:7673: $? = 0
configure:7677: /usr/bin/nm -B conftest.o \| sed -n -e 's/^.*[ ]\([BCDEGRST][BCDEGRST]*\)[ ][ ]*\([_A-Za-z][_A-Za-z0-9]*\)$/\1 \2 \2/p' | sed '/ __gnu_lto/d' \> conftest.nm
configure:7680: $? = 0
cannot find nm_test_var in conftest.nm
configure:7670: clang++ -c -g -O2  conftest.cpp >&5
configure:7673: $? = 0
configure:7677: /usr/bin/nm -B conftest.o \| sed -n -e 's/^.*[ ]\([BCDEGRST][BCDEGRST]*\)[ ][ ]*_\([_A-Za-z][_A-Za-z0-9]*\)$/\1 _\2 \2/p' | sed '/ __gnu_lto/d' \> conftest.nm
configure:7680: $? = 0
configure:7746: clang++ -o conftest -g -O2  -L/usr/local/opt/icu4c/lib conftest.cpp conftstm.o >&5
configure:7749: $? = 0
configure:7787: result: ok
configure:7834: checking for sysroot
configure:7864: result: no
configure:7871: checking for a working dd
configure:7909: result: /bin/dd
configure:7913: checking how to truncate binary pipes
configure:7928: result: /bin/dd bs=4096 count=1
configure:8258: checking for mt
configure:8288: result: no
configure:8308: checking if : is a manifest tool
configure:8314: : '-?'
configure:8322: result: no
configure:8378: checking for dsymutil
configure:8394: found /usr/bin/dsymutil
configure:8405: result: dsymutil
configure:8470: checking for nmedit
configure:8486: found /usr/bin/nmedit
configure:8497: result: nmedit
configure:8562: checking for lipo
configure:8578: found /usr/bin/lipo
configure:8589: result: lipo
configure:8654: checking for otool
configure:8670: found /usr/bin/otool
configure:8681: result: otool
configure:8746: checking for otool64
configure:8776: result: no
configure:8821: checking for -single_module linker flag
clang -I/usr/local/opt/icu4c/include -L/usr/local/opt/icu4c/lib -o libconftest.dylib -dynamiclib -Wl,-single_module conftest.c
configure:8854: result: yes
configure:8857: checking for -exported_symbols_list linker flag
configure:8877: clang++ -o conftest -g -O2  -L/usr/local/opt/icu4c/lib -Wl,-exported_symbols_list,conftest.sym conftest.cpp  >&5
configure:8877: $? = 0
configure:8887: result: yes
configure:8890: checking for -force_load linker flag
clang -I/usr/local/opt/icu4c/include -c -o conftest.o conftest.c
ar cru libconftest.a conftest.o
ranlib libconftest.a
clang -I/usr/local/opt/icu4c/include -L/usr/local/opt/icu4c/lib -o conftest conftest.c -Wl,-force_load,./libconftest.a
configure:8922: result: yes
configure:8996: checking for dlfcn.h
configure:8996: clang++ -c -g -O2  conftest.cpp >&5
configure:8996: $? = 0
configure:8996: result: yes
configure:9262: checking for objdir
configure:9277: result: .libs
configure:9537: checking if clang supports -fno-rtti -fno-exceptions
configure:9555: clang -c -I/usr/local/opt/icu4c/include  -fno-rtti -fno-exceptions conftest.c >&5
configure:9559: $? = 0
configure:9572: result: yes
configure:9930: checking for clang option to produce PIC
configure:9937: result: -fno-common -DPIC
configure:9945: checking if clang PIC flag -fno-common -DPIC works
configure:9963: clang -c -I/usr/local/opt/icu4c/include  -fno-common -DPIC -DPIC conftest.c >&5
configure:9967: $? = 0
configure:9980: result: yes
configure:10009: checking if clang static flag -static works
configure:10037: result: no
configure:10052: checking if clang supports -c -o file.o
configure:10073: clang -c -I/usr/local/opt/icu4c/include  -o out/conftest2.o conftest.c >&5
configure:10077: $? = 0
configure:10099: result: yes
configure:10107: checking if clang supports -c -o file.o
configure:10154: result: yes
configure:10187: checking whether the clang linker (/Applications/Xcode.app/Contents/Developer/Toolchains/XcodeDefault.xctoolchain/usr/bin/ld) supports shared libraries
configure:11446: result: yes
configure:11686: checking dynamic linker characteristics
configure:12504: result: darwin15.6.0 dyld
configure:12626: checking how to hardcode library paths into programs
configure:12651: result: immediate
configure:13199: checking whether stripping libraries is possible
configure:13213: result: yes
configure:13239: checking if libtool supports shared libraries
configure:13241: result: yes
configure:13244: checking whether to build shared libraries
configure:13269: result: yes
configure:13272: checking whether to build static libraries
configure:13276: result: yes
configure:13299: checking how to run the C++ preprocessor
configure:13365: result: clang++ -E
configure:13385: clang++ -E  conftest.cpp
configure:13385: $? = 0
configure:13399: clang++ -E  conftest.cpp
conftest.cpp:30:10: fatal error: 'ac_nonexistent.h' file not found
#include <ac_nonexistent.h>
         ^
1 error generated.
configure:13399: $? = 1
configure: failed program was:
| /* confdefs.h */
| #define PACKAGE_NAME "tesseract"
| #define PACKAGE_TARNAME "tesseract"
| #define PACKAGE_VERSION "3.05.00"
| #define PACKAGE_STRING "tesseract 3.05.00"
| #define PACKAGE_BUGREPORT "https://github.com/tesseract-ocr/tesseract/issues"
| #define PACKAGE_URL ""
| #define PACKAGE_NAME "tesseract"
| #define PACKAGE_VERSION "3.05.00"
| #define PACKAGE_YEAR "2017"
| #define PACKAGE_DATE "02/16"
| #define PACKAGE "tesseract"
| #define VERSION "3.05.00"
| #define STDC_HEADERS 1
| #define HAVE_SYS_TYPES_H 1
| #define HAVE_SYS_STAT_H 1
| #define HAVE_STDLIB_H 1
| #define HAVE_STRING_H 1
| #define HAVE_MEMORY_H 1
| #define HAVE_STRINGS_H 1
| #define HAVE_INTTYPES_H 1
| #define HAVE_STDINT_H 1
| #define HAVE_UNISTD_H 1
| #define HAVE_OPENCL_CL_H 1
| #define HAVE_TIFFIO_H 1
| #define HAVE_FRAMEWORK_OPENCL 1
| #define HAVE_DLFCN_H 1
| #define LT_OBJDIR ".libs/"
| /* end confdefs.h.  */
| #include <ac_nonexistent.h>
configure:13561: checking for ld used by clang++
configure:13628: result: /Applications/Xcode.app/Contents/Developer/Toolchains/XcodeDefault.xctoolchain/usr/bin/ld
configure:13635: checking if the linker (/Applications/Xcode.app/Contents/Developer/Toolchains/XcodeDefault.xctoolchain/usr/bin/ld) is GNU ld
configure:13650: result: no
configure:13705: checking whether the clang++ linker (/Applications/Xcode.app/Contents/Developer/Toolchains/XcodeDefault.xctoolchain/usr/bin/ld) supports shared libraries
configure:14778: result: yes
configure:14814: clang++ -c -g -O2  conftest.cpp >&5
configure:14817: $? = 0
configure:15298: checking for clang++ option to produce PIC
configure:15305: result: -fno-common -DPIC
configure:15313: checking if clang++ PIC flag -fno-common -DPIC works
configure:15331: clang++ -c -g -O2  -fno-common -DPIC -DPIC conftest.cpp >&5
configure:15335: $? = 0
configure:15348: result: yes
configure:15371: checking if clang++ static flag -static works
configure:15399: result: no
configure:15411: checking if clang++ supports -c -o file.o
configure:15432: clang++ -c -g -O2  -o out/conftest2.o conftest.cpp >&5
configure:15436: $? = 0
configure:15458: result: yes
configure:15463: checking if clang++ supports -c -o file.o
configure:15510: result: yes
configure:15540: checking whether the clang++ linker (/Applications/Xcode.app/Contents/Developer/Toolchains/XcodeDefault.xctoolchain/usr/bin/ld) supports shared libraries
configure:15580: result: yes
configure:15721: checking dynamic linker characteristics
configure:16466: result: darwin15.6.0 dyld
configure:16531: checking how to hardcode library paths into programs
configure:16556: result: immediate
configure:16625: checking whether byte ordering is bigendian
configure:16640: clang++ -c -g -O2  conftest.cpp >&5
configure:16640: $? = 0
configure:16685: clang++ -c -g -O2  conftest.cpp >&5
configure:16685: $? = 0
configure:16703: clang++ -c -g -O2  conftest.cpp >&5
conftest.cpp:37:11: error: expected ';' after expression
                 not big endian
                        ^
                        ;
conftest.cpp:37:8: error: use of undeclared identifier 'big'
                 not big endian
                     ^
conftest.cpp:37:12: error: use of undeclared identifier 'endian'
                 not big endian
                         ^
3 errors generated.
configure:16703: $? = 1
configure: failed program was:
| /* confdefs.h */
| #define PACKAGE_NAME "tesseract"
| #define PACKAGE_TARNAME "tesseract"
| #define PACKAGE_VERSION "3.05.00"
| #define PACKAGE_STRING "tesseract 3.05.00"
| #define PACKAGE_BUGREPORT "https://github.com/tesseract-ocr/tesseract/issues"
| #define PACKAGE_URL ""
| #define PACKAGE_NAME "tesseract"
| #define PACKAGE_VERSION "3.05.00"
| #define PACKAGE_YEAR "2017"
| #define PACKAGE_DATE "02/16"
| #define PACKAGE "tesseract"
| #define VERSION "3.05.00"
| #define STDC_HEADERS 1
| #define HAVE_SYS_TYPES_H 1
| #define HAVE_SYS_STAT_H 1
| #define HAVE_STDLIB_H 1
| #define HAVE_STRING_H 1
| #define HAVE_MEMORY_H 1
| #define HAVE_STRINGS_H 1
| #define HAVE_INTTYPES_H 1
| #define HAVE_STDINT_H 1
| #define HAVE_UNISTD_H 1
| #define HAVE_OPENCL_CL_H 1
| #define HAVE_TIFFIO_H 1
| #define HAVE_FRAMEWORK_OPENCL 1
| #define HAVE_DLFCN_H 1
| #define LT_OBJDIR ".libs/"
| /* end confdefs.h.  */
| #include <sys/types.h>
| 		#include <sys/param.h>
| 
| int
| main ()
| {
| #if BYTE_ORDER != BIG_ENDIAN
| 		 not big endian
| 		#endif
| 
|   ;
|   return 0;
| }
configure:16831: result: no
configure:16871: checking if compiling with clang
configure:16888: clang++ -c -g -O2  conftest.cpp >&5
configure:16888: $? = 0
configure:16895: result: yes
configure:16900: checking whether compiler supports C++11
configure:16914: clang++ -c -g -O2 -std=c++11  conftest.cpp >&5
configure:16914: $? = 0
configure:16916: result: yes
configure:16930: checking for snprintf
configure:16930: clang++ -o conftest -g -O2 -std=c++11  -L/usr/local/opt/icu4c/lib conftest.cpp  >&5
configure:16930: $? = 0
configure:16930: result: yes
configure:16947: checking for library containing sem_init
configure:16978: clang++ -o conftest -g -O2  -L/usr/local/opt/icu4c/lib conftest.cpp  >&5
configure:16978: $? = 0
configure:16995: result: none required
configure:17009: checking for ANSI C header files
configure:17113: result: yes
configure:17121: checking whether time.h and sys/time.h may both be included
configure:17141: clang++ -c -g -O2  conftest.cpp >&5
configure:17141: $? = 0
configure:17148: result: yes
configure:17156: checking for sys/wait.h that is POSIX.1 compatible
configure:17182: clang++ -c -g -O2  conftest.cpp >&5
configure:17182: $? = 0
configure:17189: result: yes
configure:17200: checking sys/ipc.h usability
configure:17200: clang++ -c -g -O2  conftest.cpp >&5
configure:17200: $? = 0
configure:17200: result: yes
configure:17200: checking sys/ipc.h presence
configure:17200: clang++ -E  conftest.cpp
configure:17200: $? = 0
configure:17200: result: yes
configure:17200: checking for sys/ipc.h
configure:17200: result: yes
configure:17200: checking sys/shm.h usability
configure:17200: clang++ -c -g -O2  conftest.cpp >&5
configure:17200: $? = 0
configure:17200: result: yes
configure:17200: checking sys/shm.h presence
configure:17200: clang++ -E  conftest.cpp
configure:17200: $? = 0
configure:17200: result: yes
configure:17200: checking for sys/shm.h
configure:17200: result: yes
configure:17213: checking limits.h usability
configure:17213: clang++ -c -g -O2  conftest.cpp >&5
configure:17213: $? = 0
configure:17213: result: yes
configure:17213: checking limits.h presence
configure:17213: clang++ -E  conftest.cpp
configure:17213: $? = 0
configure:17213: result: yes
configure:17213: checking for limits.h
configure:17213: result: yes
configure:17213: checking malloc.h usability
configure:17213: clang++ -c -g -O2  conftest.cpp >&5
conftest.cpp:70:10: fatal error: 'malloc.h' file not found
#include <malloc.h>
         ^
1 error generated.
configure:17213: $? = 1
configure: failed program was:
| /* confdefs.h */
| #define PACKAGE_NAME "tesseract"
| #define PACKAGE_TARNAME "tesseract"
| #define PACKAGE_VERSION "3.05.00"
| #define PACKAGE_STRING "tesseract 3.05.00"
| #define PACKAGE_BUGREPORT "https://github.com/tesseract-ocr/tesseract/issues"
| #define PACKAGE_URL ""
| #define PACKAGE_NAME "tesseract"
| #define PACKAGE_VERSION "3.05.00"
| #define PACKAGE_YEAR "2017"
| #define PACKAGE_DATE "02/16"
| #define PACKAGE "tesseract"
| #define VERSION "3.05.00"
| #define STDC_HEADERS 1
| #define HAVE_SYS_TYPES_H 1
| #define HAVE_SYS_STAT_H 1
| #define HAVE_STDLIB_H 1
| #define HAVE_STRING_H 1
| #define HAVE_MEMORY_H 1
| #define HAVE_STRINGS_H 1
| #define HAVE_INTTYPES_H 1
| #define HAVE_STDINT_H 1
| #define HAVE_UNISTD_H 1
| #define HAVE_OPENCL_CL_H 1
| #define HAVE_TIFFIO_H 1
| #define HAVE_FRAMEWORK_OPENCL 1
| #define HAVE_DLFCN_H 1
| #define LT_OBJDIR ".libs/"
| #define HAVE_SNPRINTF 1
| #define STDC_HEADERS 1
| #define TIME_WITH_SYS_TIME 1
| #define HAVE_SYS_WAIT_H 1
| #define HAVE_SYS_IPC_H 1
| #define HAVE_SYS_SHM_H 1
| #define HAVE_LIMITS_H 1
| /* end confdefs.h.  */
| #include <stdio.h>
| #ifdef HAVE_SYS_TYPES_H
| # include <sys/types.h>
| #endif
| #ifdef HAVE_SYS_STAT_H
| # include <sys/stat.h>
| #endif
| #ifdef STDC_HEADERS
| # include <stdlib.h>
| # include <stddef.h>
| #else
| # ifdef HAVE_STDLIB_H
| #  include <stdlib.h>
| # endif
| #endif
| #ifdef HAVE_STRING_H
| # if !defined STDC_HEADERS && defined HAVE_MEMORY_H
| #  include <memory.h>
| # endif
| # include <string.h>
| #endif
| #ifdef HAVE_STRINGS_H
| # include <strings.h>
| #endif
| #ifdef HAVE_INTTYPES_H
| # include <inttypes.h>
| #endif
| #ifdef HAVE_STDINT_H
| # include <stdint.h>
| #endif
| #ifdef HAVE_UNISTD_H
| # include <unistd.h>
| #endif
| #include <malloc.h>
configure:17213: result: no
configure:17213: checking malloc.h presence
configure:17213: clang++ -E  conftest.cpp
conftest.cpp:37:10: fatal error: 'malloc.h' file not found
#include <malloc.h>
         ^
1 error generated.
configure:17213: $? = 1
configure: failed program was:
| /* confdefs.h */
| #define PACKAGE_NAME "tesseract"
| #define PACKAGE_TARNAME "tesseract"
| #define PACKAGE_VERSION "3.05.00"
| #define PACKAGE_STRING "tesseract 3.05.00"
| #define PACKAGE_BUGREPORT "https://github.com/tesseract-ocr/tesseract/issues"
| #define PACKAGE_URL ""
| #define PACKAGE_NAME "tesseract"
| #define PACKAGE_VERSION "3.05.00"
| #define PACKAGE_YEAR "2017"
| #define PACKAGE_DATE "02/16"
| #define PACKAGE "tesseract"
| #define VERSION "3.05.00"
| #define STDC_HEADERS 1
| #define HAVE_SYS_TYPES_H 1
| #define HAVE_SYS_STAT_H 1
| #define HAVE_STDLIB_H 1
| #define HAVE_STRING_H 1
| #define HAVE_MEMORY_H 1
| #define HAVE_STRINGS_H 1
| #define HAVE_INTTYPES_H 1
| #define HAVE_STDINT_H 1
| #define HAVE_UNISTD_H 1
| #define HAVE_OPENCL_CL_H 1
| #define HAVE_TIFFIO_H 1
| #define HAVE_FRAMEWORK_OPENCL 1
| #define HAVE_DLFCN_H 1
| #define LT_OBJDIR ".libs/"
| #define HAVE_SNPRINTF 1
| #define STDC_HEADERS 1
| #define TIME_WITH_SYS_TIME 1
| #define HAVE_SYS_WAIT_H 1
| #define HAVE_SYS_IPC_H 1
| #define HAVE_SYS_SHM_H 1
| #define HAVE_LIMITS_H 1
| /* end confdefs.h.  */
| #include <malloc.h>
configure:17213: result: no
configure:17213: checking for malloc.h
configure:17213: result: no
configure:17224: checking for stdbool.h that conforms to C99
configure:17291: clang++ -c -g -O2  conftest.cpp >&5
conftest.cpp:40:15: error: expected unqualified-id
              "error: bool is not defined"
              ^
conftest.cpp:58:48: error: C++ requires a type specifier for all declarations
             struct s { _Bool s: 1; _Bool t; } s;
                                               ^
conftest.cpp:65:22: error: use of undeclared identifier '_Bool'
             char f[(_Bool) 0.0 == false ? 1 : -1];
                     ^
conftest.cpp:67:29: error: use of undeclared identifier '_Bool'
             char h[sizeof (_Bool)];
                            ^
conftest.cpp:72:14: error: unknown type name '_Bool'
             _Bool n[m];
             ^
conftest.cpp:74:27: error: use of undeclared identifier '_Bool'
             char p[-1 - (_Bool) 0 < 0 && -1 - (bool) 0 < 0 ? 1 : -1];
                          ^
conftest.cpp:79:14: error: unknown type name '_Bool'
             _Bool q = true;
             ^
conftest.cpp:80:14: error: unknown type name '_Bool'
             _Bool *pq = &q;
             ^
8 errors generated.
configure:17291: $? = 1
configure: failed program was:
| /* confdefs.h */
| #define PACKAGE_NAME "tesseract"
| #define PACKAGE_TARNAME "tesseract"
| #define PACKAGE_VERSION "3.05.00"
| #define PACKAGE_STRING "tesseract 3.05.00"
| #define PACKAGE_BUGREPORT "https://github.com/tesseract-ocr/tesseract/issues"
| #define PACKAGE_URL ""
| #define PACKAGE_NAME "tesseract"
| #define PACKAGE_VERSION "3.05.00"
| #define PACKAGE_YEAR "2017"
| #define PACKAGE_DATE "02/16"
| #define PACKAGE "tesseract"
| #define VERSION "3.05.00"
| #define STDC_HEADERS 1
| #define HAVE_SYS_TYPES_H 1
| #define HAVE_SYS_STAT_H 1
| #define HAVE_STDLIB_H 1
| #define HAVE_STRING_H 1
| #define HAVE_MEMORY_H 1
| #define HAVE_STRINGS_H 1
| #define HAVE_INTTYPES_H 1
| #define HAVE_STDINT_H 1
| #define HAVE_UNISTD_H 1
| #define HAVE_OPENCL_CL_H 1
| #define HAVE_TIFFIO_H 1
| #define HAVE_FRAMEWORK_OPENCL 1
| #define HAVE_DLFCN_H 1
| #define LT_OBJDIR ".libs/"
| #define HAVE_SNPRINTF 1
| #define STDC_HEADERS 1
| #define TIME_WITH_SYS_TIME 1
| #define HAVE_SYS_WAIT_H 1
| #define HAVE_SYS_IPC_H 1
| #define HAVE_SYS_SHM_H 1
| #define HAVE_LIMITS_H 1
| /* end confdefs.h.  */
| 
|              #include <stdbool.h>
|              #ifndef bool
|               "error: bool is not defined"
|              #endif
|              #ifndef false
|               "error: false is not defined"
|              #endif
|              #if false
|               "error: false is not 0"
|              #endif
|              #ifndef true
|               "error: true is not defined"
|              #endif
|              #if true != 1
|               "error: true is not 1"
|              #endif
|              #ifndef __bool_true_false_are_defined
|               "error: __bool_true_false_are_defined is not defined"
|              #endif
| 
|              struct s { _Bool s: 1; _Bool t; } s;
| 
|              char a[true == 1 ? 1 : -1];
|              char b[false == 0 ? 1 : -1];
|              char c[__bool_true_false_are_defined == 1 ? 1 : -1];
|              char d[(bool) 0.5 == true ? 1 : -1];
|              /* See body of main program for 'e'.  */
|              char f[(_Bool) 0.0 == false ? 1 : -1];
|              char g[true];
|              char h[sizeof (_Bool)];
|              char i[sizeof s.t];
|              enum { j = false, k = true, l = false * true, m = true * 256 };
|              /* The following fails for
|                 HP aC++/ANSI C B3910B A.05.55 [Dec 04 2003]. */
|              _Bool n[m];
|              char o[sizeof n == m * sizeof n[0] ? 1 : -1];
|              char p[-1 - (_Bool) 0 < 0 && -1 - (bool) 0 < 0 ? 1 : -1];
|              /* Catch a bug in an HP-UX C compiler.  See
|                 http://gcc.gnu.org/ml/gcc-patches/2003-12/msg02303.html
|                 http://lists.gnu.org/archive/html/bug-coreutils/2005-11/msg00161.html
|               */
|              _Bool q = true;
|              _Bool *pq = &q;
| 
| int
| main ()
| {
| 
|              bool e = &s;
|              *pq |= q;
|              *pq |= ! q;
|              /* Refer to every declared value, to avoid compiler optimizations.  */
|              return (!a + !b + !c + !d + !e + !f + !g + !h + !i + !!j + !k + !!l
|                      + !m + !n + !o + !p + !q + !pq);
| 
|   ;
|   return 0;
| }
configure:17298: result: no
configure:17300: checking for _Bool
configure:17300: clang++ -c -g -O2  conftest.cpp >&5
conftest.cpp:73:13: error: use of undeclared identifier '_Bool'
if (sizeof (_Bool))
            ^
1 error generated.
configure:17300: $? = 1
configure: failed program was:
| /* confdefs.h */
| #define PACKAGE_NAME "tesseract"
| #define PACKAGE_TARNAME "tesseract"
| #define PACKAGE_VERSION "3.05.00"
| #define PACKAGE_STRING "tesseract 3.05.00"
| #define PACKAGE_BUGREPORT "https://github.com/tesseract-ocr/tesseract/issues"
| #define PACKAGE_URL ""
| #define PACKAGE_NAME "tesseract"
| #define PACKAGE_VERSION "3.05.00"
| #define PACKAGE_YEAR "2017"
| #define PACKAGE_DATE "02/16"
| #define PACKAGE "tesseract"
| #define VERSION "3.05.00"
| #define STDC_HEADERS 1
| #define HAVE_SYS_TYPES_H 1
| #define HAVE_SYS_STAT_H 1
| #define HAVE_STDLIB_H 1
| #define HAVE_STRING_H 1
| #define HAVE_MEMORY_H 1
| #define HAVE_STRINGS_H 1
| #define HAVE_INTTYPES_H 1
| #define HAVE_STDINT_H 1
| #define HAVE_UNISTD_H 1
| #define HAVE_OPENCL_CL_H 1
| #define HAVE_TIFFIO_H 1
| #define HAVE_FRAMEWORK_OPENCL 1
| #define HAVE_DLFCN_H 1
| #define LT_OBJDIR ".libs/"
| #define HAVE_SNPRINTF 1
| #define STDC_HEADERS 1
| #define TIME_WITH_SYS_TIME 1
| #define HAVE_SYS_WAIT_H 1
| #define HAVE_SYS_IPC_H 1
| #define HAVE_SYS_SHM_H 1
| #define HAVE_LIMITS_H 1
| /* end confdefs.h.  */
| #include <stdio.h>
| #ifdef HAVE_SYS_TYPES_H
| # include <sys/types.h>
| #endif
| #ifdef HAVE_SYS_STAT_H
| # include <sys/stat.h>
| #endif
| #ifdef STDC_HEADERS
| # include <stdlib.h>
| # include <stddef.h>
| #else
| # ifdef HAVE_STDLIB_H
| #  include <stdlib.h>
| # endif
| #endif
| #ifdef HAVE_STRING_H
| # if !defined STDC_HEADERS && defined HAVE_MEMORY_H
| #  include <memory.h>
| # endif
| # include <string.h>
| #endif
| #ifdef HAVE_STRINGS_H
| # include <strings.h>
| #endif
| #ifdef HAVE_INTTYPES_H
| # include <inttypes.h>
| #endif
| #ifdef HAVE_STDINT_H
| # include <stdint.h>
| #endif
| #ifdef HAVE_UNISTD_H
| # include <unistd.h>
| #endif
| int
| main ()
| {
| if (sizeof (_Bool))
| 	 return 0;
|   ;
|   return 0;
| }
configure:17300: result: no
configure:17319: checking whether #! works in shell scripts
configure:17336: result: yes
configure:17347: checking for special C compiler options needed for large files
configure:17392: result: no
configure:17398: checking for _FILE_OFFSET_BITS value needed for large files
configure:17423: clang++ -c -g -O2  conftest.cpp >&5
configure:17423: $? = 0
configure:17455: result: no
configure:17543: checking for getline
configure:17543: clang++ -o conftest -g -O2  -L/usr/local/opt/icu4c/lib conftest.cpp  >&5
configure:17543: $? = 0
configure:17543: result: yes
configure:17557: checking for wchar_t
configure:17557: clang++ -c -g -O2  conftest.cpp >&5
configure:17557: $? = 0
configure:17557: clang++ -c -g -O2  conftest.cpp >&5
conftest.cpp:43:22: error: expected expression
if (sizeof ((wchar_t)))
                     ^
1 error generated.
configure:17557: $? = 1
configure: failed program was:
| /* confdefs.h */
| #define PACKAGE_NAME "tesseract"
| #define PACKAGE_TARNAME "tesseract"
| #define PACKAGE_VERSION "3.05.00"
| #define PACKAGE_STRING "tesseract 3.05.00"
| #define PACKAGE_BUGREPORT "https://github.com/tesseract-ocr/tesseract/issues"
| #define PACKAGE_URL ""
| #define PACKAGE_NAME "tesseract"
| #define PACKAGE_VERSION "3.05.00"
| #define PACKAGE_YEAR "2017"
| #define PACKAGE_DATE "02/16"
| #define PACKAGE "tesseract"
| #define VERSION "3.05.00"
| #define STDC_HEADERS 1
| #define HAVE_SYS_TYPES_H 1
| #define HAVE_SYS_STAT_H 1
| #define HAVE_STDLIB_H 1
| #define HAVE_STRING_H 1
| #define HAVE_MEMORY_H 1
| #define HAVE_STRINGS_H 1
| #define HAVE_INTTYPES_H 1
| #define HAVE_STDINT_H 1
| #define HAVE_UNISTD_H 1
| #define HAVE_OPENCL_CL_H 1
| #define HAVE_TIFFIO_H 1
| #define HAVE_FRAMEWORK_OPENCL 1
| #define HAVE_DLFCN_H 1
| #define LT_OBJDIR ".libs/"
| #define HAVE_SNPRINTF 1
| #define STDC_HEADERS 1
| #define TIME_WITH_SYS_TIME 1
| #define HAVE_SYS_WAIT_H 1
| #define HAVE_SYS_IPC_H 1
| #define HAVE_SYS_SHM_H 1
| #define HAVE_LIMITS_H 1
| #define HAVE_GETLINE 1
| /* end confdefs.h.  */
| #include "wchar.h"
| 
| int
| main ()
| {
| if (sizeof ((wchar_t)))
| 	    return 0;
|   ;
|   return 0;
| }
configure:17557: result: yes
configure:17568: checking for long long int
configure:17568: clang++ -c -g -O2  conftest.cpp >&5
configure:17568: $? = 0
configure:17568: clang++ -c -g -O2  conftest.cpp >&5
conftest.cpp:75:28: error: expected expression
if (sizeof ((long long int)))
                           ^
1 error generated.
configure:17568: $? = 1
configure: failed program was:
| /* confdefs.h */
| #define PACKAGE_NAME "tesseract"
| #define PACKAGE_TARNAME "tesseract"
| #define PACKAGE_VERSION "3.05.00"
| #define PACKAGE_STRING "tesseract 3.05.00"
| #define PACKAGE_BUGREPORT "https://github.com/tesseract-ocr/tesseract/issues"
| #define PACKAGE_URL ""
| #define PACKAGE_NAME "tesseract"
| #define PACKAGE_VERSION "3.05.00"
| #define PACKAGE_YEAR "2017"
| #define PACKAGE_DATE "02/16"
| #define PACKAGE "tesseract"
| #define VERSION "3.05.00"
| #define STDC_HEADERS 1
| #define HAVE_SYS_TYPES_H 1
| #define HAVE_SYS_STAT_H 1
| #define HAVE_STDLIB_H 1
| #define HAVE_STRING_H 1
| #define HAVE_MEMORY_H 1
| #define HAVE_STRINGS_H 1
| #define HAVE_INTTYPES_H 1
| #define HAVE_STDINT_H 1
| #define HAVE_UNISTD_H 1
| #define HAVE_OPENCL_CL_H 1
| #define HAVE_TIFFIO_H 1
| #define HAVE_FRAMEWORK_OPENCL 1
| #define HAVE_DLFCN_H 1
| #define LT_OBJDIR ".libs/"
| #define HAVE_SNPRINTF 1
| #define STDC_HEADERS 1
| #define TIME_WITH_SYS_TIME 1
| #define HAVE_SYS_WAIT_H 1
| #define HAVE_SYS_IPC_H 1
| #define HAVE_SYS_SHM_H 1
| #define HAVE_LIMITS_H 1
| #define HAVE_GETLINE 1
| #define HAVE_WCHAR_T 1
| /* end confdefs.h.  */
| #include <stdio.h>
| #ifdef HAVE_SYS_TYPES_H
| # include <sys/types.h>
| #endif
| #ifdef HAVE_SYS_STAT_H
| # include <sys/stat.h>
| #endif
| #ifdef STDC_HEADERS
| # include <stdlib.h>
| # include <stddef.h>
| #else
| # ifdef HAVE_STDLIB_H
| #  include <stdlib.h>
| # endif
| #endif
| #ifdef HAVE_STRING_H
| # if !defined STDC_HEADERS && defined HAVE_MEMORY_H
| #  include <memory.h>
| # endif
| # include <string.h>
| #endif
| #ifdef HAVE_STRINGS_H
| # include <strings.h>
| #endif
| #ifdef HAVE_INTTYPES_H
| # include <inttypes.h>
| #endif
| #ifdef HAVE_STDINT_H
| # include <stdint.h>
| #endif
| #ifdef HAVE_UNISTD_H
| # include <unistd.h>
| #endif
| int
| main ()
| {
| if (sizeof ((long long int)))
| 	    return 0;
|   ;
|   return 0;
| }
configure:17568: result: yes
configure:17578: checking for off_t
configure:17578: clang++ -c -g -O2  conftest.cpp >&5
configure:17578: $? = 0
configure:17578: clang++ -c -g -O2  conftest.cpp >&5
conftest.cpp:45:20: error: expected expression
if (sizeof ((off_t)))
                   ^
1 error generated.
configure:17578: $? = 1
configure: failed program was:
| /* confdefs.h */
| #define PACKAGE_NAME "tesseract"
| #define PACKAGE_TARNAME "tesseract"
| #define PACKAGE_VERSION "3.05.00"
| #define PACKAGE_STRING "tesseract 3.05.00"
| #define PACKAGE_BUGREPORT "https://github.com/tesseract-ocr/tesseract/issues"
| #define PACKAGE_URL ""
| #define PACKAGE_NAME "tesseract"
| #define PACKAGE_VERSION "3.05.00"
| #define PACKAGE_YEAR "2017"
| #define PACKAGE_DATE "02/16"
| #define PACKAGE "tesseract"
| #define VERSION "3.05.00"
| #define STDC_HEADERS 1
| #define HAVE_SYS_TYPES_H 1
| #define HAVE_SYS_STAT_H 1
| #define HAVE_STDLIB_H 1
| #define HAVE_STRING_H 1
| #define HAVE_MEMORY_H 1
| #define HAVE_STRINGS_H 1
| #define HAVE_INTTYPES_H 1
| #define HAVE_STDINT_H 1
| #define HAVE_UNISTD_H 1
| #define HAVE_OPENCL_CL_H 1
| #define HAVE_TIFFIO_H 1
| #define HAVE_FRAMEWORK_OPENCL 1
| #define HAVE_DLFCN_H 1
| #define LT_OBJDIR ".libs/"
| #define HAVE_SNPRINTF 1
| #define STDC_HEADERS 1
| #define TIME_WITH_SYS_TIME 1
| #define HAVE_SYS_WAIT_H 1
| #define HAVE_SYS_IPC_H 1
| #define HAVE_SYS_SHM_H 1
| #define HAVE_LIMITS_H 1
| #define HAVE_GETLINE 1
| #define HAVE_WCHAR_T 1
| #define HAVE_LONG_LONG_INT 1
| /* end confdefs.h.  */
| #include "sys/types.h"
| 
| int
| main ()
| {
| if (sizeof ((off_t)))
| 	    return 0;
|   ;
|   return 0;
| }
configure:17578: result: yes
configure:17589: checking for mbstate_t
configure:17589: clang++ -c -g -O2  conftest.cpp >&5
configure:17589: $? = 0
configure:17589: clang++ -c -g -O2  conftest.cpp >&5
conftest.cpp:46:24: error: expected expression
if (sizeof ((mbstate_t)))
                       ^
1 error generated.
configure:17589: $? = 1
configure: failed program was:
| /* confdefs.h */
| #define PACKAGE_NAME "tesseract"
| #define PACKAGE_TARNAME "tesseract"
| #define PACKAGE_VERSION "3.05.00"
| #define PACKAGE_STRING "tesseract 3.05.00"
| #define PACKAGE_BUGREPORT "https://github.com/tesseract-ocr/tesseract/issues"
| #define PACKAGE_URL ""
| #define PACKAGE_NAME "tesseract"
| #define PACKAGE_VERSION "3.05.00"
| #define PACKAGE_YEAR "2017"
| #define PACKAGE_DATE "02/16"
| #define PACKAGE "tesseract"
| #define VERSION "3.05.00"
| #define STDC_HEADERS 1
| #define HAVE_SYS_TYPES_H 1
| #define HAVE_SYS_STAT_H 1
| #define HAVE_STDLIB_H 1
| #define HAVE_STRING_H 1
| #define HAVE_MEMORY_H 1
| #define HAVE_STRINGS_H 1
| #define HAVE_INTTYPES_H 1
| #define HAVE_STDINT_H 1
| #define HAVE_UNISTD_H 1
| #define HAVE_OPENCL_CL_H 1
| #define HAVE_TIFFIO_H 1
| #define HAVE_FRAMEWORK_OPENCL 1
| #define HAVE_DLFCN_H 1
| #define LT_OBJDIR ".libs/"
| #define HAVE_SNPRINTF 1
| #define STDC_HEADERS 1
| #define TIME_WITH_SYS_TIME 1
| #define HAVE_SYS_WAIT_H 1
| #define HAVE_SYS_IPC_H 1
| #define HAVE_SYS_SHM_H 1
| #define HAVE_LIMITS_H 1
| #define HAVE_GETLINE 1
| #define HAVE_WCHAR_T 1
| #define HAVE_LONG_LONG_INT 1
| #define HAVE_OFF_T 1
| /* end confdefs.h.  */
| #include "wchar.h"
| 
| int
| main ()
| {
| if (sizeof ((mbstate_t)))
| 	    return 0;
|   ;
|   return 0;
| }
configure:17589: result: yes
configure:17606: checking for leptonica
configure:17626: result: yes
configure:17628: checking for l_generateCIDataForPdf in -llept
configure:17653: clang++ -o conftest -g -O2  -I/usr/local/include/leptonica -L/usr/local/opt/icu4c/lib conftest.cpp -llept   >&5
configure:17653: $? = 0
configure:17662: result: yes
configure:17679: checking leptonica headers version >= 1.74
configure:17696: clang++ -E  -I/usr/local/include/leptonica conftest.cpp
configure:17696: $? = 0
configure:17697: result: yes
configure:17720: checking unicode/uchar.h usability
configure:17720: clang++ -c -g -O2  -I/usr/local/include/leptonica conftest.cpp >&5
configure:17720: $? = 0
configure:17720: result: yes
configure:17720: checking unicode/uchar.h presence
configure:17720: clang++ -E  -I/usr/local/include/leptonica conftest.cpp
configure:17720: $? = 0
configure:17720: result: yes
configure:17720: checking for unicode/uchar.h
configure:17720: result: yes
configure:17802: checking for pkg-config
configure:17820: found /usr/local/opt/pkg-config/bin/pkg-config
configure:17832: result: /usr/local/opt/pkg-config/bin/pkg-config
configure:17857: checking pkg-config is at least version 0.9.0
configure:17860: result: yes
configure:17870: checking for pango
configure:17877: $PKG_CONFIG --exists --print-errors "pango"
configure:17880: $? = 0
configure:17894: $PKG_CONFIG --exists --print-errors "pango"
configure:17897: $? = 0
configure:17935: result: yes
configure:17959: checking for cairo
configure:17966: $PKG_CONFIG --exists --print-errors "cairo"
configure:17969: $? = 0
configure:17983: $PKG_CONFIG --exists --print-errors "cairo"
configure:17986: $? = 0
configure:18024: result: yes
configure:18245: checking that generated files are newer than configure
configure:18251: result: done
configure:18375: creating ./config.status

## ---------------------- ##
## Running config.status. ##
## ---------------------- ##

This file was extended by tesseract config.status 3.05.00, which was
generated by GNU Autoconf 2.69.  Invocation command line was

  CONFIG_FILES    = 
  CONFIG_HEADERS  = 
  CONFIG_LINKS    = 
  CONFIG_COMMANDS = 
  $ ./config.status 

on Bryces-HD-1-TB.local

config.status:1250: creating Makefile
config.status:1250: creating tesseract.pc
config.status:1250: creating api/Makefile
config.status:1250: creating ccmain/Makefile
config.status:1250: creating opencl/Makefile
config.status:1250: creating ccstruct/Makefile
config.status:1250: creating ccutil/Makefile
config.status:1250: creating classify/Makefile
config.status:1250: creating cube/Makefile
config.status:1250: creating cutil/Makefile
config.status:1250: creating dict/Makefile
config.status:1250: creating neural_networks/runtime/Makefile
config.status:1250: creating textord/Makefile
config.status:1250: creating viewer/Makefile
config.status:1250: creating wordrec/Makefile
config.status:1250: creating tessdata/Makefile
config.status:1250: creating tessdata/configs/Makefile
config.status:1250: creating tessdata/tessconfigs/Makefile
config.status:1250: creating testing/Makefile
config.status:1250: creating java/Makefile
config.status:1250: creating java/com/Makefile
config.status:1250: creating java/com/google/Makefile
config.status:1250: creating java/com/google/scrollview/Makefile
config.status:1250: creating java/com/google/scrollview/events/Makefile
config.status:1250: creating java/com/google/scrollview/ui/Makefile
config.status:1250: creating doc/Makefile
config.status:1250: creating training/Makefile
config.status:1250: creating config_auto.h
config.status:1479: executing depfiles commands
config.status:1479: executing libtool commands

## ---------------- ##
## Cache variables. ##
## ---------------- ##

ac_cv_build=x86_64-apple-darwin15.6.0
ac_cv_c_bigendian=no
ac_cv_c_compiler_gnu=yes
ac_cv_cxx_compiler_gnu=yes
ac_cv_env_CCC_set=
ac_cv_env_CCC_value=
ac_cv_env_CC_set=set
ac_cv_env_CC_value=clang
ac_cv_env_CFLAGS_set=set
ac_cv_env_CFLAGS_value=-I/usr/local/opt/icu4c/include
ac_cv_env_CPPFLAGS_set=
ac_cv_env_CPPFLAGS_value=
ac_cv_env_CXXCPP_set=
ac_cv_env_CXXCPP_value=
ac_cv_env_CXXFLAGS_set=
ac_cv_env_CXXFLAGS_value=
ac_cv_env_CXX_set=set
ac_cv_env_CXX_value=clang++
ac_cv_env_LDFLAGS_set=set
ac_cv_env_LDFLAGS_value=-L/usr/local/opt/icu4c/lib
ac_cv_env_LIBLEPT_HEADERSDIR_set=set
ac_cv_env_LIBLEPT_HEADERSDIR_value=/usr/local/include
ac_cv_env_LIBS_set=
ac_cv_env_LIBS_value=
ac_cv_env_LT_SYS_LIBRARY_PATH_set=
ac_cv_env_LT_SYS_LIBRARY_PATH_value=
ac_cv_env_PKG_CONFIG_LIBDIR_set=set
ac_cv_env_PKG_CONFIG_LIBDIR_value=/usr/lib/pkgconfig:/usr/local/Homebrew/Library/Homebrew/os/mac/pkgconfig/10.11:/opt/X11/lib/pkgconfig:/opt/X11/share/pkgconfig
ac_cv_env_PKG_CONFIG_PATH_set=set
ac_cv_env_PKG_CONFIG_PATH_value=/usr/local/opt/libpng/lib/pkgconfig:/usr/local/opt/xz/lib/pkgconfig:/usr/local/opt/libtiff/lib/pkgconfig:/usr/local/opt/little-cms2/lib/pkgconfig:/usr/local/opt/openjpeg/lib/pkgconfig:/usr/local/opt/webp/lib/pkgconfig:/usr/local/opt/leptonica/lib/pkgconfig:/usr/local/opt/icu4c/lib/pkgconfig:/usr/local/opt/libffi/lib/pkgconfig:/usr/local/opt/pcre/lib/pkgconfig:/usr/local/opt/glib/lib/pkgconfig:/usr/local/opt/freetype/lib/pkgconfig:/usr/local/opt/fontconfig/lib/pkgconfig:/usr/local/opt/pixman/lib/pkgconfig:/usr/local/opt/cairo/lib/pkgconfig:/usr/local/opt/sqlite/lib/pkgconfig:/usr/local/opt/openssl/lib/pkgconfig:/usr/local/opt/tcl-tk/lib/pkgconfig:/usr/local/opt/python/lib/pkgconfig:/usr/local/opt/gobject-introspection/lib/pkgconfig:/usr/local/opt/graphite2/lib/pkgconfig:/usr/local/opt/harfbuzz/lib/pkgconfig:/usr/local/opt/pango/lib/pkgconfig
ac_cv_env_PKG_CONFIG_set=
ac_cv_env_PKG_CONFIG_value=
ac_cv_env_build_alias_set=
ac_cv_env_build_alias_value=
ac_cv_env_cairo_CFLAGS_set=
ac_cv_env_cairo_CFLAGS_value=
ac_cv_env_cairo_LIBS_set=
ac_cv_env_cairo_LIBS_value=
ac_cv_env_host_alias_set=
ac_cv_env_host_alias_value=
ac_cv_env_pango_CFLAGS_set=
ac_cv_env_pango_CFLAGS_value=
ac_cv_env_pango_LIBS_set=
ac_cv_env_pango_LIBS_value=
ac_cv_env_target_alias_set=
ac_cv_env_target_alias_value=
ac_cv_func_basename_r=no
ac_cv_func_clock_getres=no
ac_cv_func_clock_gettime=no
ac_cv_func_clock_settime=no
ac_cv_func_dirname_r=no
ac_cv_func_getentropy=no
ac_cv_func_getline=yes
ac_cv_func_mkostemp=no
ac_cv_func_mkostemps=no
ac_cv_func_snprintf=yes
ac_cv_func_timingsafe_bcmp=no
ac_cv_header_CL_cl_h=no
ac_cv_header_OpenCL_cl_h=yes
ac_cv_header_dlfcn_h=yes
ac_cv_header_inttypes_h=yes
ac_cv_header_limits_h=yes
ac_cv_header_malloc_h=no
ac_cv_header_memory_h=yes
ac_cv_header_stdbool_h=no
ac_cv_header_stdc=yes
ac_cv_header_stdint_h=yes
ac_cv_header_stdlib_h=yes
ac_cv_header_string_h=yes
ac_cv_header_strings_h=yes
ac_cv_header_sys_ipc_h=yes
ac_cv_header_sys_shm_h=yes
ac_cv_header_sys_stat_h=yes
ac_cv_header_sys_types_h=yes
ac_cv_header_sys_wait_h=yes
ac_cv_header_tiffio_h=yes
ac_cv_header_time=yes
ac_cv_header_unicode_uchar_h=yes
ac_cv_header_unistd_h=yes
ac_cv_host=x86_64-apple-darwin15.6.0
ac_cv_lib_lept_l_generateCIDataForPdf=yes
ac_cv_objext=o
ac_cv_path_EGREP='/usr/bin/grep -E'
ac_cv_path_FGREP='/usr/bin/grep -F'
ac_cv_path_GREP=/usr/bin/grep
ac_cv_path_SED=/usr/local/Homebrew/Library/Homebrew/shims/super/sed
ac_cv_path_ac_pt_PKG_CONFIG=/usr/local/opt/pkg-config/bin/pkg-config
ac_cv_path_install='/usr/bin/install -c'
ac_cv_path_lt_DD=/bin/dd
ac_cv_prog_AWK=awk
ac_cv_prog_CXXCPP='clang++ -E'
ac_cv_prog_ac_ct_AR=ar
ac_cv_prog_ac_ct_CC=clang
ac_cv_prog_ac_ct_DSYMUTIL=dsymutil
ac_cv_prog_ac_ct_LIPO=lipo
ac_cv_prog_ac_ct_NMEDIT=nmedit
ac_cv_prog_ac_ct_OTOOL=otool
ac_cv_prog_ac_ct_RANLIB=ranlib
ac_cv_prog_ac_ct_STRIP=strip
ac_cv_prog_cc_c89=
ac_cv_prog_cc_g=yes
ac_cv_prog_cxx_g=yes
ac_cv_prog_make_make_set=yes
ac_cv_search_clock_gettime=no
ac_cv_search_sem_init='none required'
ac_cv_sys_file_offset_bits=no
ac_cv_sys_interpreter=yes
ac_cv_sys_largefile_CC=no
ac_cv_type__Bool=no
ac_cv_type_long_long_int=yes
ac_cv_type_mbstate_t=yes
ac_cv_type_off_t=yes
ac_cv_type_wchar_t=yes
am_cv_CC_dependencies_compiler_type=none
am_cv_CXX_dependencies_compiler_type=none
am_cv_make_support_nested_variables=yes
am_cv_prog_cc_c_o=yes
lt_cv_apple_cc_single_mod=yes
lt_cv_ar_at_file=no
lt_cv_deplibs_check_method=pass_all
lt_cv_file_magic_cmd='$MAGIC_CMD'
lt_cv_file_magic_test_file=
lt_cv_ld_exported_symbols_list=yes
lt_cv_ld_force_load=yes
lt_cv_ld_reload_flag=-r
lt_cv_nm_interface='BSD nm'
lt_cv_objdir=.libs
lt_cv_path_LD=/Applications/Xcode.app/Contents/Developer/Toolchains/XcodeDefault.xctoolchain/usr/bin/ld
lt_cv_path_LDCXX=/Applications/Xcode.app/Contents/Developer/Toolchains/XcodeDefault.xctoolchain/usr/bin/ld
lt_cv_path_NM='/usr/bin/nm -B'
lt_cv_path_mainfest_tool=no
lt_cv_prog_compiler_c_o=yes
lt_cv_prog_compiler_c_o_CXX=yes
lt_cv_prog_compiler_pic='-fno-common -DPIC'
lt_cv_prog_compiler_pic_CXX='-fno-common -DPIC'
lt_cv_prog_compiler_pic_works=yes
lt_cv_prog_compiler_pic_works_CXX=yes
lt_cv_prog_compiler_rtti_exceptions=yes
lt_cv_prog_compiler_static_works=no
lt_cv_prog_compiler_static_works_CXX=no
lt_cv_prog_gnu_ld=no
lt_cv_prog_gnu_ldcxx=no
lt_cv_sharedlib_from_linklib_cmd='printf %s\n'
lt_cv_sys_global_symbol_pipe='sed -n -e '\''s/^.*[	 ]\([BCDEGRST][BCDEGRST]*\)[	 ][	 ]*_\([_A-Za-z][_A-Za-z0-9]*\)$/\1 _\2 \2/p'\'' | sed '\''/ __gnu_lto/d'\'''
lt_cv_sys_global_symbol_to_c_name_address='sed -n -e '\''s/^: \(.*\) .*$/  {"\1", (void *) 0},/p'\'' -e '\''s/^[BCDEGRST][BCDEGRST]* .* \(.*\)$/  {"\1", (void *) \&\1},/p'\'''
lt_cv_sys_global_symbol_to_c_name_address_lib_prefix='sed -n -e '\''s/^: \(.*\) .*$/  {"\1", (void *) 0},/p'\'' -e '\''s/^[BCDEGRST][BCDEGRST]* .* \(lib.*\)$/  {"\1", (void *) \&\1},/p'\'' -e '\''s/^[BCDEGRST][BCDEGRST]* .* \(.*\)$/  {"lib\1", (void *) \&\1},/p'\'''
lt_cv_sys_global_symbol_to_cdecl='sed -n -e '\''s/^T .* \(.*\)$/extern int \1();/p'\'' -e '\''s/^[BCDEGRST][BCDEGRST]* .* \(.*\)$/extern char \1;/p'\'''
lt_cv_sys_global_symbol_to_import=
lt_cv_sys_max_cmd_len=196608
lt_cv_to_host_file_cmd=func_convert_file_noop
lt_cv_to_tool_file_cmd=func_convert_file_noop
lt_cv_truncate_bin='/bin/dd bs=4096 count=1'
my_cv_framework_OpenCL=yes
pkg_cv_cairo_CFLAGS='-I/usr/local/Cellar/libpng/1.6.29/include/libpng16 -I/usr/local/Cellar/pcre/8.40/include -I/usr/local/Cellar/glib/2.52.0/include/glib-2.0 -I/usr/local/Cellar/glib/2.52.0/lib/glib-2.0/include -I/usr/local/opt/gettext/include -I/usr/local/opt/freetype/include/freetype2 -I/usr/local/Cellar/fontconfig/2.12.1_2/include -I/usr/local/opt/freetype/include/freetype2 -I/usr/local/Cellar/pixman/0.34.0/include/pixman-1 -I/usr/local/Cellar/cairo/1.14.8/include/cairo -I/opt/X11/include'
pkg_cv_cairo_LIBS='-L/usr/local/Cellar/cairo/1.14.8/lib -lcairo'
pkg_cv_pango_CFLAGS='-I/usr/local/Cellar/pcre/8.40/include -I/usr/local/Cellar/glib/2.52.0/include/glib-2.0 -I/usr/local/Cellar/glib/2.52.0/lib/glib-2.0/include -I/usr/local/opt/gettext/include -I/usr/local/Cellar/pango/1.40.4/include/pango-1.0'
pkg_cv_pango_LIBS='-L/usr/local/Cellar/glib/2.52.0/lib -L/usr/local/opt/gettext/lib -L/usr/local/Cellar/pango/1.40.4/lib -lpango-1.0 -lgobject-2.0 -lglib-2.0 -lintl'

## ----------------- ##
## Output variables. ##
## ----------------- ##

ACLOCAL='${SHELL} /private/tmp/tesseract-20170323-80590-10dtaoq/tesseract-3.05.00/config/missing aclocal-1.15'
ADD_RT_FALSE=''
ADD_RT_TRUE='#'
AMDEPBACKSLASH=''
AMDEP_FALSE=''
AMDEP_TRUE='#'
AMTAR='$${TAR-tar}'
AM_BACKSLASH='\'
AM_CPPFLAGS='-DUSE_OPENCL  -O2 -DNDEBUG'
AM_DEFAULT_V='$(AM_DEFAULT_VERBOSITY)'
AM_DEFAULT_VERBOSITY='1'
AM_LDFLAGS=''
AM_V='$(V)'
AR='ar'
AUTOCONF='${SHELL} /private/tmp/tesseract-20170323-80590-10dtaoq/tesseract-3.05.00/config/missing autoconf'
AUTOHEADER='${SHELL} /private/tmp/tesseract-20170323-80590-10dtaoq/tesseract-3.05.00/config/missing autoheader'
AUTOMAKE='${SHELL} /private/tmp/tesseract-20170323-80590-10dtaoq/tesseract-3.05.00/config/missing automake-1.15'
AWK='awk'
CC='clang'
CCDEPMODE='depmode=none'
CFLAGS='-I/usr/local/opt/icu4c/include'
CPPFLAGS=' -I/usr/local/include/leptonica -I/usr/local/Cellar/pcre/8.40/include -I/usr/local/Cellar/glib/2.52.0/include/glib-2.0 -I/usr/local/Cellar/glib/2.52.0/lib/glib-2.0/include -I/usr/local/opt/gettext/include -I/usr/local/Cellar/pango/1.40.4/include/pango-1.0 -I/usr/local/Cellar/libpng/1.6.29/include/libpng16 -I/usr/local/Cellar/pcre/8.40/include -I/usr/local/Cellar/glib/2.52.0/include/glib-2.0 -I/usr/local/Cellar/glib/2.52.0/lib/glib-2.0/include -I/usr/local/opt/gettext/include -I/usr/local/opt/freetype/include/freetype2 -I/usr/local/Cellar/fontconfig/2.12.1_2/include -I/usr/local/opt/freetype/include/freetype2 -I/usr/local/Cellar/pixman/0.34.0/include/pixman-1 -I/usr/local/Cellar/cairo/1.14.8/include/cairo -I/opt/X11/include'
CXX='clang++'
CXXCPP='clang++ -E'
CXXDEPMODE='depmode=none'
CXXFLAGS='-g -O2 -std=c++11'
CYGPATH_W='echo'
DEFS='-DHAVE_CONFIG_H'
DEPDIR='.deps'
DLLTOOL='false'
DSYMUTIL='dsymutil'
DUMPBIN=''
ECHO_C='\c'
ECHO_N=''
ECHO_T=''
EGREP='/usr/bin/grep -E'
EMBEDDED_FALSE=''
EMBEDDED_TRUE='#'
ENABLE_TRAINING_FALSE='#'
ENABLE_TRAINING_TRUE=''
EXEEXT=''
FGREP='/usr/bin/grep -F'
FRAMEWORK_OPENCL='-framework OpenCL'
GENERIC_API_VERSION='3.5'
GENERIC_LIBRARY_NAME='tesseract'
GENERIC_LIBRARY_VERSION='3:5'
GENERIC_MAJOR_VERSION='3'
GENERIC_RELEASE='3.5'
GENERIC_VERSION='3.5.0'
GRAPHICS_DISABLED_FALSE=''
GRAPHICS_DISABLED_TRUE='#'
GREP='/usr/bin/grep'
INSTALL_DATA='${INSTALL} -m 644'
INSTALL_PROGRAM='${INSTALL}'
INSTALL_SCRIPT='${INSTALL}'
INSTALL_STRIP_PROGRAM='$(install_sh) -c -s'
LD='/Applications/Xcode.app/Contents/Developer/Toolchains/XcodeDefault.xctoolchain/usr/bin/ld'
LDFLAGS='-L/usr/local/opt/icu4c/lib'
LIBLEPT_HEADERSDIR='/usr/local/include'
LIBOBJS=''
LIBS='-llept '
LIBTOOL='$(SHELL) $(top_builddir)/libtool'
LIPO='lipo'
LN_S='ln -s'
LTLIBOBJS=''
LT_SYS_LIBRARY_PATH=''
MAINT='#'
MAINTAINER_MODE_FALSE=''
MAINTAINER_MODE_TRUE='#'
MAKEINFO='${SHELL} /private/tmp/tesseract-20170323-80590-10dtaoq/tesseract-3.05.00/config/missing makeinfo'
MANIFEST_TOOL=':'
MINGW_FALSE=''
MINGW_TRUE='#'
MKDIR_P='config/install-sh -c -d'
NM='/usr/bin/nm -B'
NMEDIT='nmedit'
NO_CUBE_BUILD_FALSE=''
NO_CUBE_BUILD_TRUE='#'
NO_TESSDATA_PREFIX_FALSE=''
NO_TESSDATA_PREFIX_TRUE='#'
OBJDUMP='false'
OBJEXT='o'
OPENCL_CPPFLAGS=''
OPENCL_LDFLAGS='-framework OpenCL'
OSX_FALSE=''
OSX_TRUE='#'
OTOOL64=':'
OTOOL='otool'
PACKAGE='tesseract'
PACKAGE_BUGREPORT='https://github.com/tesseract-ocr/tesseract/issues'
PACKAGE_DATE='02/16'
PACKAGE_NAME='tesseract'
PACKAGE_STRING='tesseract 3.05.00'
PACKAGE_TARNAME='tesseract'
PACKAGE_URL=''
PACKAGE_VERSION='3.05.00'
PACKAGE_YEAR='2017'
PATH_SEPARATOR=':'
PKG_CONFIG='/usr/local/opt/pkg-config/bin/pkg-config'
PKG_CONFIG_LIBDIR='/usr/lib/pkgconfig:/usr/local/Homebrew/Library/Homebrew/os/mac/pkgconfig/10.11:/opt/X11/lib/pkgconfig:/opt/X11/share/pkgconfig'
PKG_CONFIG_PATH='/usr/local/opt/libpng/lib/pkgconfig:/usr/local/opt/xz/lib/pkgconfig:/usr/local/opt/libtiff/lib/pkgconfig:/usr/local/opt/little-cms2/lib/pkgconfig:/usr/local/opt/openjpeg/lib/pkgconfig:/usr/local/opt/webp/lib/pkgconfig:/usr/local/opt/leptonica/lib/pkgconfig:/usr/local/opt/icu4c/lib/pkgconfig:/usr/local/opt/libffi/lib/pkgconfig:/usr/local/opt/pcre/lib/pkgconfig:/usr/local/opt/glib/lib/pkgconfig:/usr/local/opt/freetype/lib/pkgconfig:/usr/local/opt/fontconfig/lib/pkgconfig:/usr/local/opt/pixman/lib/pkgconfig:/usr/local/opt/cairo/lib/pkgconfig:/usr/local/opt/sqlite/lib/pkgconfig:/usr/local/opt/openssl/lib/pkgconfig:/usr/local/opt/tcl-tk/lib/pkgconfig:/usr/local/opt/python/lib/pkgconfig:/usr/local/opt/gobject-introspection/lib/pkgconfig:/usr/local/opt/graphite2/lib/pkgconfig:/usr/local/opt/harfbuzz/lib/pkgconfig:/usr/local/opt/pango/lib/pkgconfig'
RANLIB='ranlib'
SED='/usr/local/Homebrew/Library/Homebrew/shims/super/sed'
SET_MAKE=''
SHELL='/bin/sh'
STRIP='strip'
T_WIN_FALSE=''
T_WIN_TRUE='#'
USE_OPENCL_FALSE='#'
USE_OPENCL_TRUE=''
USING_MULTIPLELIBS_FALSE=''
USING_MULTIPLELIBS_TRUE='#'
VERSION='3.05.00'
VISIBILITY_FALSE=''
VISIBILITY_TRUE='#'
ac_ct_AR='ar'
ac_ct_CC='clang'
ac_ct_CXX=''
ac_ct_DUMPBIN=''
am__EXEEXT_FALSE=''
am__EXEEXT_TRUE='#'
am__fastdepCC_FALSE=''
am__fastdepCC_TRUE='#'
am__fastdepCXX_FALSE=''
am__fastdepCXX_TRUE='#'
am__include='include'
am__isrc=''
am__leading_dot='.'
am__nodep=''
am__quote=''
am__tar='$${TAR-tar} chof - "$$tardir"'
am__untar='$${TAR-tar} xf -'
bindir='${exec_prefix}/bin'
build='x86_64-apple-darwin15.6.0'
build_alias=''
build_cpu='x86_64'
build_os='darwin15.6.0'
build_vendor='apple'
cairo_CFLAGS='-I/usr/local/Cellar/libpng/1.6.29/include/libpng16 -I/usr/local/Cellar/pcre/8.40/include -I/usr/local/Cellar/glib/2.52.0/include/glib-2.0 -I/usr/local/Cellar/glib/2.52.0/lib/glib-2.0/include -I/usr/local/opt/gettext/include -I/usr/local/opt/freetype/include/freetype2 -I/usr/local/Cellar/fontconfig/2.12.1_2/include -I/usr/local/opt/freetype/include/freetype2 -I/usr/local/Cellar/pixman/0.34.0/include/pixman-1 -I/usr/local/Cellar/cairo/1.14.8/include/cairo -I/opt/X11/include'
cairo_LIBS='-L/usr/local/Cellar/cairo/1.14.8/lib -lcairo'
datadir='${datarootdir}'
datarootdir='${prefix}/share'
docdir='${datarootdir}/doc/${PACKAGE_TARNAME}'
dvidir='${docdir}'
exec_prefix='${prefix}'
host='x86_64-apple-darwin15.6.0'
host_alias=''
host_cpu='x86_64'
host_os='darwin15.6.0'
host_vendor='apple'
htmldir='${docdir}'
includedir='${prefix}/include/tesseract'
infodir='${datarootdir}/info'
install_sh='${SHELL} /private/tmp/tesseract-20170323-80590-10dtaoq/tesseract-3.05.00/config/install-sh'
libdir='${exec_prefix}/lib'
libexecdir='${exec_prefix}/libexec'
localedir='${datarootdir}/locale'
localstatedir='${prefix}/var'
mandir='${datarootdir}/man'
mkdir_p='$(MKDIR_P)'
oldincludedir='/usr/include'
pango_CFLAGS='-I/usr/local/Cellar/pcre/8.40/include -I/usr/local/Cellar/glib/2.52.0/include/glib-2.0 -I/usr/local/Cellar/glib/2.52.0/lib/glib-2.0/include -I/usr/local/opt/gettext/include -I/usr/local/Cellar/pango/1.40.4/include/pango-1.0'
pango_LIBS='-L/usr/local/Cellar/glib/2.52.0/lib -L/usr/local/opt/gettext/lib -L/usr/local/Cellar/pango/1.40.4/lib -lpango-1.0 -lgobject-2.0 -lglib-2.0 -lintl'
pdfdir='${docdir}'
prefix='/usr/local/Cellar/tesseract/3.05.00'
program_transform_name='s,x,x,'
psdir='${docdir}'
sbindir='${exec_prefix}/sbin'
sharedstatedir='${prefix}/com'
sysconfdir='${prefix}/etc'
target_alias=''

## ----------- ##
## confdefs.h. ##
## ----------- ##

/* confdefs.h */
#define PACKAGE_NAME "tesseract"
#define PACKAGE_TARNAME "tesseract"
#define PACKAGE_VERSION "3.05.00"
#define PACKAGE_STRING "tesseract 3.05.00"
#define PACKAGE_BUGREPORT "https://github.com/tesseract-ocr/tesseract/issues"
#define PACKAGE_URL ""
#define PACKAGE_NAME "tesseract"
#define PACKAGE_VERSION "3.05.00"
#define PACKAGE_YEAR "2017"
#define PACKAGE_DATE "02/16"
#define PACKAGE "tesseract"
#define VERSION "3.05.00"
#define STDC_HEADERS 1
#define HAVE_SYS_TYPES_H 1
#define HAVE_SYS_STAT_H 1
#define HAVE_STDLIB_H 1
#define HAVE_STRING_H 1
#define HAVE_MEMORY_H 1
#define HAVE_STRINGS_H 1
#define HAVE_INTTYPES_H 1
#define HAVE_STDINT_H 1
#define HAVE_UNISTD_H 1
#define HAVE_OPENCL_CL_H 1
#define HAVE_TIFFIO_H 1
#define HAVE_FRAMEWORK_OPENCL 1
#define HAVE_DLFCN_H 1
#define LT_OBJDIR ".libs/"
#define HAVE_SNPRINTF 1
#define STDC_HEADERS 1
#define TIME_WITH_SYS_TIME 1
#define HAVE_SYS_WAIT_H 1
#define HAVE_SYS_IPC_H 1
#define HAVE_SYS_SHM_H 1
#define HAVE_LIMITS_H 1
#define HAVE_GETLINE 1
#define HAVE_WCHAR_T 1
#define HAVE_LONG_LONG_INT 1
#define HAVE_OFF_T 1
#define HAVE_MBSTATE_T 1
#define HAVE_LIBLEPT 1
#define HAVE_UNICODE_UCHAR_H 1

configure: exit 0
